0 silly input [ 'start' ]
1 silly flags { _: [ 'run' ],
1 silly flags   'reject-cycles': false,
1 silly flags   rejectCycles: false,
1 silly flags   stream: true,
1 silly flags   script: 'start',
1 silly flags   args: [] }
2 verbose rootPath /Users/shinyoung/amorphic-notes
3 info version 2.11.0
4 silly existsSync /Users/shinyoung/amorphic-notes/VERSION
5 silly initialize attempt
6 silly initialize success
7 silly execute attempt
8 silly runScriptInPackageStreaming [ 'start', [], 'client' ]
9 silly getExecOpts { cwd: '/Users/shinyoung/amorphic-notes/packages/client' }
10 silly runScriptInPackageStreaming [ 'start', [], 'server' ]
11 silly getExecOpts { cwd: '/Users/shinyoung/amorphic-notes/packages/server' }
12 error execute callback with error
13 error Error: Command failed: yarn run start
13 error (node:52167) [DEP0005] DeprecationWarning: Buffer() is deprecated due to security and usability issues. Please use the Buffer.alloc(), Buffer.allocUnsafe(), or Buffer.from() methods instead.
13 error warning ../../package.json: No license field
13 error Proxy config file /Users/shinyoung/amorphic-notes/packages/client/src/proxy.conf.json does not exist.
13 error Error: Proxy config file /Users/shinyoung/amorphic-notes/packages/client/src/proxy.conf.json does not exist.
13 error     at DevServerBuilder._addProxyConfig (/Users/shinyoung/amorphic-notes/packages/client/node_modules/@angular-devkit/build-angular/src/dev-server/index.js:225:19)
13 error     at DevServerBuilder._buildServerConfig (/Users/shinyoung/amorphic-notes/packages/client/node_modules/@angular-devkit/build-angular/src/dev-server/index.js:152:18)
13 error     at MergeMapSubscriber.check_port_1.checkPort.pipe.operators_1.concatMap [as project] (/Users/shinyoung/amorphic-notes/packages/client/node_modules/@angular-devkit/build-angular/src/dev-server/index.js:41:47)
13 error     at MergeMapSubscriber._tryNext (/Users/shinyoung/amorphic-notes/packages/client/node_modules/rxjs/internal/operators/mergeMap.js:65:27)
13 error     at MergeMapSubscriber._next (/Users/shinyoung/amorphic-notes/packages/client/node_modules/rxjs/internal/operators/mergeMap.js:55:18)
13 error     at MergeMapSubscriber.Subscriber.next (/Users/shinyoung/amorphic-notes/packages/client/node_modules/rxjs/internal/Subscriber.js:64:18)
13 error     at TapSubscriber._next (/Users/shinyoung/amorphic-notes/packages/client/node_modules/rxjs/internal/operators/tap.js:62:26)
13 error     at TapSubscriber.Subscriber.next (/Users/shinyoung/amorphic-notes/packages/client/node_modules/rxjs/internal/Subscriber.js:64:18)
13 error     at MergeMapSubscriber.notifyNext (/Users/shinyoung/amorphic-notes/packages/client/node_modules/rxjs/internal/operators/mergeMap.js:84:26)
13 error     at InnerSubscriber._next (/Users/shinyoung/amorphic-notes/packages/client/node_modules/rxjs/internal/InnerSubscriber.js:25:21)
13 error     at InnerSubscriber.Subscriber.next (/Users/shinyoung/amorphic-notes/packages/client/node_modules/rxjs/internal/Subscriber.js:64:18)
13 error     at ForkJoinSubscriber.notifyComplete (/Users/shinyoung/amorphic-notes/packages/client/node_modules/rxjs/internal/observable/forkJoin.js:79:25)
13 error     at InnerSubscriber._complete (/Users/shinyoung/amorphic-notes/packages/client/node_modules/rxjs/internal/InnerSubscriber.js:32:21)
13 error     at InnerSubscriber.Subscriber.complete (/Users/shinyoung/amorphic-notes/packages/client/node_modules/rxjs/internal/Subscriber.js:76:18)
13 error     at MapSubscriber.Subscriber._complete (/Users/shinyoung/amorphic-notes/packages/client/node_modules/rxjs/internal/Subscriber.js:94:26)
13 error     at MapSubscriber.Subscriber.complete (/Users/shinyoung/amorphic-notes/packages/client/node_modules/rxjs/internal/Subscriber.js:76:18)
13 error error Command failed with exit code 1.
13 error
13 error $ ng serve
13 error info Visit https://yarnpkg.com/en/docs/cli/run for documentation about this command.
13 error
13 error     at Promise.all.then.arr (/Users/shinyoung/amorphic-notes/node_modules/execa/index.js:236:11)
